13:22:26.554 [ApplicationImpl pooled thread 67] INFO  c.b.s.l.BrowserStackRunExtension - junit
13:22:26.558 [ApplicationImpl pooled thread 67] INFO  com.browserstack.sdk.utils.Helpers - null
13:22:26.562 [ApplicationImpl pooled thread 67] INFO  c.b.s.l.BrowserStackRunExtension - Agent path: null
13:38:37.436 [ApplicationImpl pooled thread 95] INFO  c.b.s.l.BrowserStackRunExtension - junit
13:38:37.441 [ApplicationImpl pooled thread 95] INFO  com.browserstack.sdk.utils.Helpers - null
13:38:37.444 [ApplicationImpl pooled thread 95] INFO  c.b.s.l.BrowserStackRunExtension - Agent path: null
13:43:15.855 [ApplicationImpl pooled thread 99] INFO  c.b.s.l.BrowserStackRunExtension - junit
13:43:15.855 [ApplicationImpl pooled thread 99] INFO  com.browserstack.sdk.utils.Helpers - null
13:43:15.857 [ApplicationImpl pooled thread 99] INFO  c.b.s.l.BrowserStackRunExtension - Agent path: null
18:43:21.804 [AWT-EventQueue-0] INFO  c.b.sdk.actions.DisableBrowserStack - Setting disable browserstack run update
18:43:21.831 [AWT-EventQueue-0] INFO  c.b.sdk.actions.EnableBrowserStack - Setting enable browserstack run update
18:44:17.505 [AWT-EventQueue-0] INFO  c.b.sdk.launchers.LaunchMavenCommand - Integrate source: serenity:intellij:2.0.0-IC
18:44:17.506 [AWT-EventQueue-0] INFO  c.b.sdk.launchers.LaunchMavenCommand - Executing maven archetype command - browserstack-sdk-archetype-integrate
18:44:17.639 [ApplicationImpl pooled thread 193] INFO  c.b.s.l.BrowserStackRunExtension - maven
18:44:17.639 [ApplicationImpl pooled thread 193] INFO  com.browserstack.sdk.utils.Helpers - null
18:45:03.282 [java.exe] INFO  c.b.sdk.launchers.LaunchMavenCommand - Completed maven archetype command
18:46:19.161 [ApplicationImpl pooled thread 193] INFO  c.b.s.l.BrowserStackRunExtension - junit
18:46:19.161 [ApplicationImpl pooled thread 193] INFO  com.browserstack.sdk.utils.Helpers - true
18:46:19.167 [ApplicationImpl pooled thread 193] INFO  com.browserstack.sdk.utils.Helpers - C:/Users/ASUS 15/.m2/repository/com/browserstack/browserstack-java-sdk/1.42.4/browserstack-java-sdk-1.42.4.jar
18:46:19.167 [ApplicationImpl pooled thread 193] INFO  c.b.s.l.BrowserStackRunExtension - Agent path: C:/Users/ASUS 15/.m2/repository/com/browserstack/browserstack-java-sdk/1.42.4/browserstack-java-sdk-1.42.4.jar
18:46:19.168 [ApplicationImpl pooled thread 193] INFO  c.b.s.l.BrowserStackRunExtension - Adding Browserstack SDK javaagent argline
18:46:19.168 [ApplicationImpl pooled thread 193] INFO  c.b.s.l.BrowserStackRunExtension - Plugin version: 2.0.0-IC
18:59:58.341 [ApplicationImpl pooled thread 218] INFO  c.b.s.l.BrowserStackRunExtension - junit
18:59:58.345 [ApplicationImpl pooled thread 218] INFO  com.browserstack.sdk.utils.Helpers - true
18:59:58.352 [ApplicationImpl pooled thread 218] INFO  com.browserstack.sdk.utils.Helpers - C:/Users/ASUS 15/.m2/repository/com/browserstack/browserstack-java-sdk/1.42.4/browserstack-java-sdk-1.42.4.jar
18:59:58.352 [ApplicationImpl pooled thread 218] INFO  c.b.s.l.BrowserStackRunExtension - Agent path: C:/Users/ASUS 15/.m2/repository/com/browserstack/browserstack-java-sdk/1.42.4/browserstack-java-sdk-1.42.4.jar
18:59:58.353 [ApplicationImpl pooled thread 218] INFO  c.b.s.l.BrowserStackRunExtension - Adding Browserstack SDK javaagent argline
18:59:58.353 [ApplicationImpl pooled thread 218] INFO  c.b.s.l.BrowserStackRunExtension - Plugin version: 2.0.0-IC
19:35:34.093 [ApplicationImpl pooled thread 245] INFO  c.b.s.l.BrowserStackRunExtension - junit
19:35:34.095 [ApplicationImpl pooled thread 245] INFO  com.browserstack.sdk.utils.Helpers - true
19:35:34.099 [ApplicationImpl pooled thread 245] INFO  com.browserstack.sdk.utils.Helpers - C:/Users/ASUS 15/.m2/repository/com/browserstack/browserstack-java-sdk/1.42.4/browserstack-java-sdk-1.42.4.jar
19:35:34.099 [ApplicationImpl pooled thread 245] INFO  c.b.s.l.BrowserStackRunExtension - Agent path: C:/Users/ASUS 15/.m2/repository/com/browserstack/browserstack-java-sdk/1.42.4/browserstack-java-sdk-1.42.4.jar
19:35:34.100 [ApplicationImpl pooled thread 245] INFO  c.b.s.l.BrowserStackRunExtension - Adding Browserstack SDK javaagent argline
19:35:34.100 [ApplicationImpl pooled thread 245] INFO  c.b.s.l.BrowserStackRunExtension - Plugin version: 2.0.0-IC
19:40:13.890 [AWT-EventQueue-0] INFO  c.b.sdk.actions.EnableBrowserStack - Setting enable browserstack run update
19:40:13.892 [AWT-EventQueue-0] INFO  com.browserstack.sdk.utils.Helpers - C:/Users/ASUS 15/.m2/repository/com/browserstack/browserstack-java-sdk/1.42.4/browserstack-java-sdk-1.42.4.jar
19:40:13.892 [AWT-EventQueue-0] INFO  com.browserstack.sdk.utils.Helpers - true
19:40:13.912 [AWT-EventQueue-0] INFO  c.b.sdk.actions.DisableBrowserStack - Setting disable browserstack run update
19:40:13.914 [AWT-EventQueue-0] INFO  com.browserstack.sdk.utils.Helpers - C:/Users/ASUS 15/.m2/repository/com/browserstack/browserstack-java-sdk/1.42.4/browserstack-java-sdk-1.42.4.jar
19:40:13.915 [AWT-EventQueue-0] INFO  com.browserstack.sdk.utils.Helpers - true
19:49:36.681 [ApplicationImpl pooled thread 256] INFO  c.b.s.l.BrowserStackRunExtension - junit
19:49:36.681 [ApplicationImpl pooled thread 256] INFO  com.browserstack.sdk.utils.Helpers - true
19:49:36.682 [ApplicationImpl pooled thread 256] INFO  com.browserstack.sdk.utils.Helpers - C:/Users/ASUS 15/.m2/repository/com/browserstack/browserstack-java-sdk/1.42.4/browserstack-java-sdk-1.42.4.jar
19:49:36.682 [ApplicationImpl pooled thread 256] INFO  c.b.s.l.BrowserStackRunExtension - Agent path: C:/Users/ASUS 15/.m2/repository/com/browserstack/browserstack-java-sdk/1.42.4/browserstack-java-sdk-1.42.4.jar
19:49:36.682 [ApplicationImpl pooled thread 256] INFO  c.b.s.l.BrowserStackRunExtension - Adding Browserstack SDK javaagent argline
19:49:36.682 [ApplicationImpl pooled thread 256] INFO  c.b.s.l.BrowserStackRunExtension - Plugin version: 2.0.0-IC
19:56:16.337 [ApplicationImpl pooled thread 253] INFO  c.b.s.l.BrowserStackRunExtension - junit
19:56:16.337 [ApplicationImpl pooled thread 253] INFO  com.browserstack.sdk.utils.Helpers - true
19:56:16.338 [ApplicationImpl pooled thread 253] INFO  com.browserstack.sdk.utils.Helpers - C:/Users/ASUS 15/.m2/repository/com/browserstack/browserstack-java-sdk/1.42.4/browserstack-java-sdk-1.42.4.jar
19:56:16.338 [ApplicationImpl pooled thread 253] INFO  c.b.s.l.BrowserStackRunExtension - Agent path: C:/Users/ASUS 15/.m2/repository/com/browserstack/browserstack-java-sdk/1.42.4/browserstack-java-sdk-1.42.4.jar
19:56:16.338 [ApplicationImpl pooled thread 253] INFO  c.b.s.l.BrowserStackRunExtension - Adding Browserstack SDK javaagent argline
19:56:16.338 [ApplicationImpl pooled thread 253] INFO  c.b.s.l.BrowserStackRunExtension - Plugin version: 2.0.0-IC
21:12:54.071 [ApplicationImpl pooled thread 306] INFO  c.b.s.l.BrowserStackRunExtension - junit
21:12:54.074 [ApplicationImpl pooled thread 306] INFO  com.browserstack.sdk.utils.Helpers - true
21:12:54.078 [ApplicationImpl pooled thread 306] INFO  com.browserstack.sdk.utils.Helpers - C:/Users/ASUS 15/.m2/repository/com/browserstack/browserstack-java-sdk/1.42.4/browserstack-java-sdk-1.42.4.jar
21:12:54.078 [ApplicationImpl pooled thread 306] INFO  c.b.s.l.BrowserStackRunExtension - Agent path: C:/Users/ASUS 15/.m2/repository/com/browserstack/browserstack-java-sdk/1.42.4/browserstack-java-sdk-1.42.4.jar
21:12:54.078 [ApplicationImpl pooled thread 306] INFO  c.b.s.l.BrowserStackRunExtension - Adding Browserstack SDK javaagent argline
21:12:54.079 [ApplicationImpl pooled thread 306] INFO  c.b.s.l.BrowserStackRunExtension - Plugin version: 2.0.0-IC
21:15:05.399 [ApplicationImpl pooled thread 315] INFO  c.b.s.l.BrowserStackRunExtension - junit
21:15:05.399 [ApplicationImpl pooled thread 315] INFO  com.browserstack.sdk.utils.Helpers - true
21:15:05.401 [ApplicationImpl pooled thread 315] INFO  com.browserstack.sdk.utils.Helpers - C:/Users/ASUS 15/.m2/repository/com/browserstack/browserstack-java-sdk/1.42.4/browserstack-java-sdk-1.42.4.jar
21:15:05.401 [ApplicationImpl pooled thread 315] INFO  c.b.s.l.BrowserStackRunExtension - Agent path: C:/Users/ASUS 15/.m2/repository/com/browserstack/browserstack-java-sdk/1.42.4/browserstack-java-sdk-1.42.4.jar
21:15:05.402 [ApplicationImpl pooled thread 315] INFO  c.b.s.l.BrowserStackRunExtension - Adding Browserstack SDK javaagent argline
21:15:05.402 [ApplicationImpl pooled thread 315] INFO  c.b.s.l.BrowserStackRunExtension - Plugin version: 2.0.0-IC
21:23:41.519 [ApplicationImpl pooled thread 319] INFO  c.b.s.l.BrowserStackRunExtension - maven
21:23:41.520 [ApplicationImpl pooled thread 319] INFO  com.browserstack.sdk.utils.Helpers - true
